<?xml version="1.0" encoding="UTF-8"?>
<testsuite xmlns:xsi="http://www.w3.org/2001/XMLSchema-instance" xsi:noNamespaceSchemaLocation="https://maven.apache.org/surefire/maven-surefire-plugin/xsd/surefire-test-report.xsd" name="org.sonar.plugins.xml.XmlPluginTest" time="0.012" tests="2" errors="0" skipped="0" failures="0">
  <properties>
[...]
</properties>
  <testcase name="count_extensions_for_sonarqube_server_6_0" classname="org.sonar.plugins.xml.XmlPluginTest" time="0.008"/>
  <testcase name="count_extensions_for_sonarqube_server_6_2" classname="org.sonar.plugins.xml.XmlPluginTest" time="0"/>
</testsuite>